2023/07/22 10:23:28.818278 [WARNING] [Initialize services]
2023/07/22 11:47:50.726212 [WARNING] [distinct IP increased to: 10]
2023/07/22 18:30:48.899410 [WARNING] [distinct IP increased to: 20]
2023/07/22 23:16:49.863155 [WARNING] [distinct IP increased to: 30]
2023/07/23 05:22:35.011384 [WARNING] [Violated Rules Detected:  [933100 942151]]
2023/07/23 06:16:14.873637 [WARNING] [Violated Rules Detected:  [933100 942151]]
2023/07/23 06:59:17.304225 [WARNING] [distinct IP increased to: 40]
2023/07/23 07:29:33.322484 [WARNING] [Violated Rules Detected:  [933150]]
2023/07/23 08:34:39.417995 [WARNING] [Violated Rules Detected:  [942151]]
2023/07/23 13:04:32.792870 [WARNING] [distinct IP increased to: 50]
2023/07/23 22:58:59.239965 [WARNING] [distinct IP increased to: 60]
2023/07/24 03:29:56.339441 [WARNING] [distinct IP increased to: 70]
2023/07/24 09:35:49.639173 [WARNING] [Violated Rules Detected:  [944130]]
2023/07/24 09:35:49.958566 [WARNING] [Violated Rules Detected:  [200002]]
2023/07/24 09:35:50.033065 [WARNING] [Violated Rules Detected:  [944130]]
2023/07/24 09:35:50.279159 [WARNING] [Violated Rules Detected:  [921150]]
2023/07/24 09:35:50.638472 [WARNING] [Violated Rules Detected:  [932235 933160 944100 944110 944130]]
2023/07/24 09:35:50.893579 [WARNING] [Violated Rules Detected:  [930120 932160]]
2023/07/24 09:35:50.908178 [WARNING] [Violated Rules Detected:  [930100]]
2023/07/24 09:35:50.957823 [WARNING] [Violated Rules Detected:  [930100 932235]]
2023/07/24 09:35:51.303856 [WARNING] [Violated Rules Detected:  [200002]]
2023/07/24 09:35:52.019430 [WARNING] [Violated Rules Detected:  [941100 941110 941160 941390]]
2023/07/24 09:35:52.147006 [WARNING] [Violated Rules Detected:  [930100]]
2023/07/24 09:35:52.462882 [WARNING] [Violated Rules Detected:  [930110]]
2023/07/24 09:35:52.491573 [WARNING] [Violated Rules Detected:  [920540]]
2023/07/24 09:35:54.434715 [WARNING] [Violated Rules Detected:  [930120 932235 932115 932260]]
2023/07/24 09:35:55.005416 [WARNING] [Violated Rules Detected:  [930120 932230 932130 932160]]
2023/07/24 09:35:55.423875 [WARNING] [Violated Rules Detected:  [920540 921150]]
2023/07/24 09:35:55.727651 [WARNING] [Violated Rules Detected:  [942190]]
2023/07/24 09:35:55.800859 [WARNING] [Violated Rules Detected:  [921120 921150 933100]]
2023/07/24 09:35:55.938212 [WARNING] [Violated Rules Detected:  [200002]]
2023/07/24 09:35:56.213213 [WARNING] [Violated Rules Detected:  [942100]]
2023/07/24 09:35:56.239286 [WARNING] [Violated Rules Detected:  [942100 942190 942360]]
2023/07/24 09:35:56.267649 [WARNING] [Violated Rules Detected:  [930110]]
2023/07/24 09:35:56.470231 [WARNING] [Violated Rules Detected:  [942100 942190]]
2023/07/24 09:35:58.359132 [WARNING] [Violated Rules Detected:  [930110]]
2023/07/24 09:35:59.932267 [WARNING] [Violated Rules Detected:  [932370]]
2023/07/24 09:36:00.515977 [WARNING] [Violated Rules Detected:  [932130 932260]]
2023/07/24 09:36:00.592909 [WARNING] [Violated Rules Detected:  [933160]]
2023/07/24 09:36:01.929546 [WARNING] [Violated Rules Detected:  [932260]]
2023/07/24 09:36:02.586981 [WARNING] [Violated Rules Detected:  [941130]]
2023/07/24 09:36:06.917027 [WARNING] [Violated Rules Detected:  [934100 934101]]
2023/07/24 09:36:09.390646 [WARNING] [Violated Rules Detected:  [942540]]
2023/07/24 09:36:12.747837 [WARNING] [Violated Rules Detected:  [933130 933160 934100 941390]]
2023/07/24 09:36:17.458796 [WARNING] [Violated Rules Detected:  [933150]]
2023/07/24 09:36:17.856689 [WARNING] [Violated Rules Detected:  [920240]]
2023/07/24 09:36:21.128320 [WARNING] [Violated Rules Detected:  [941100 941160]]
2023/07/24 09:46:59.845609 [WARNING] [distinct IP increased to: 80]
2023/07/24 14:18:46.484511 [WARNING] [distinct IP increased to: 90]
2023/07/24 22:09:03.685138 [WARNING] [distinct IP increased to: 100]
2023/07/25 01:54:17.950201 [WARNING] [distinct IP increased to: 110]
2023/07/25 04:48:06.675674 [WARNING] [distinct IP increased to: 120]
2023/07/25 07:09:30.389890 [WARNING] [Violated Rules Detected:  [933150]]
2023/07/25 09:48:40.325704 [WARNING] [distinct IP increased to: 130]
2023/07/25 18:44:17.514953 [WARNING] [distinct IP increased to: 140]
2023/07/26 00:39:54.464795 [WARNING] [distinct IP increased to: 150]
2023/07/26 04:49:16.722347 [WARNING] [distinct IP increased to: 160]
2023/07/26 11:49:27.585894 [WARNING] [distinct IP increased to: 170]
2023/07/26 19:50:31.127036 [WARNING] [distinct IP increased to: 180]
2023/07/26 20:41:36.455360 [WARNING] [activity count increased to: 1000]
2023/07/27 04:57:44.887367 [WARNING] [distinct IP increased to: 190]
2023/07/27 08:09:37.545015 [WARNING] [distinct IP increased to: 200]
2023/07/27 12:21:27.088787 [WARNING] [distinct IP increased to: 210]
2023/07/27 18:19:50.760236 [WARNING] [distinct IP increased to: 220]
2023/07/28 01:51:09.200552 [WARNING] [distinct IP increased to: 230]
2023/07/28 06:38:17.851260 [WARNING] [distinct IP increased to: 240]
2023/07/28 10:28:46.198008 [WARNING] [distinct IP increased to: 250]
2023/07/28 18:41:36.222124 [WARNING] [distinct IP increased to: 260]
2023/07/28 21:20:37.597330 [WARNING] [Violated Rules Detected:  [930120 932235 932115]]
2023/07/28 21:47:03.529471 [WARNING] [distinct IP increased to: 270]
2023/07/29 04:11:43.174714 [WARNING] [Violated Rules Detected:  [930120 932230 932235 932115 942100]]
2023/07/29 07:59:04.617949 [WARNING] [distinct IP increased to: 280]
2023/07/29 12:00:28.603812 [WARNING] [distinct IP increased to: 290]
2023/07/29 16:20:21.675420 [WARNING] [Violated Rules Detected:  [942151]]
2023/07/29 17:15:25.740897 [WARNING] [Violated Rules Detected:  [933150]]
2023/07/29 17:22:19.604029 [WARNING] [Violated Rules Detected:  [930120 932230 932235 932115 942100]]
2023/07/29 18:05:41.288968 [WARNING] [Violated Rules Detected:  [933100 942151]]
2023/07/29 18:35:32.527670 [WARNING] [Violated Rules Detected:  [933100 942151]]
2023/07/29 21:58:12.644246 [WARNING] [distinct IP increased to: 300]
2023/07/30 00:53:08.619633 [WARNING] [Violated Rules Detected:  [930120 932230 932235 932115 932125]]
2023/07/30 01:50:58.702293 [WARNING] [distinct IP increased to: 310]
2023/07/30 09:24:54.387061 [WARNING] [distinct IP increased to: 320]
2023/07/30 19:45:34.929744 [WARNING] [distinct IP increased to: 330]
2023/07/30 21:06:46.062356 [WARNING] [Violated Rules Detected:  [933100 942151]]
2023/07/30 22:03:14.714822 [WARNING] [Violated Rules Detected:  [933100 942151]]
2023/07/30 22:47:47.737790 [WARNING] [Violated Rules Detected:  [933150]]
2023/07/30 23:32:00.791203 [WARNING] [Violated Rules Detected:  [942151]]
2023/07/31 02:08:02.018638 [WARNING] [distinct IP increased to: 340]
2023/07/31 08:18:49.197486 [WARNING] [Violated Rules Detected:  [933100 942151]]
2023/07/31 09:03:04.093656 [WARNING] [Violated Rules Detected:  [933100 942151]]
2023/07/31 09:08:11.670634 [WARNING] [distinct IP increased to: 350]
2023/07/31 10:55:51.751391 [WARNING] [Violated Rules Detected:  [930120 932230 932235 932115 932125]]
2023/07/31 17:43:38.484905 [WARNING] [distinct IP increased to: 360]
2023/07/31 21:54:44.813275 [WARNING] [Violated Rules Detected:  [930120 932230 932235 932115 932125]]
2023/07/31 22:26:15.801719 [WARNING] [Violated Rules Detected:  [930120 932235 932115]]
2023/07/31 23:15:02.328375 [WARNING] [Violated Rules Detected:  [932230 932235 932115 932125]]
2023/08/01 02:05:03.728494 [WARNING] [distinct IP increased to: 370]
2023/08/01 06:36:44.881978 [WARNING] [Violated Rules Detected:  [933100 942151]]
2023/08/01 07:08:19.034820 [WARNING] [Violated Rules Detected:  [933100 942151]]
2023/08/01 07:52:08.129743 [WARNING] [distinct IP increased to: 380]
2023/08/01 17:28:36.960777 [WARNING] [distinct IP increased to: 390]
2023/08/02 00:45:16.800359 [WARNING] [distinct IP increased to: 400]
2023/08/02 03:20:41.982184 [WARNING] [activity count increased to: 2000]
2023/08/02 03:52:57.781302 [WARNING] [distinct IP increased to: 410]
2023/08/02 09:36:58.928223 [WARNING] [distinct IP increased to: 420]
2023/08/02 15:47:32.794425 [WARNING] [Violated Rules Detected:  [930120 932230 932235 932115 942100]]
2023/08/02 16:22:33.149981 [WARNING] [distinct IP increased to: 430]
2023/08/03 03:24:35.025173 [WARNING] [distinct IP increased to: 440]
2023/08/03 12:02:38.848993 [WARNING] [distinct IP increased to: 450]
2023/08/03 22:33:06.158536 [WARNING] [distinct IP increased to: 460]
2023/08/03 22:42:11.225330 [WARNING] [Violated Rules Detected:  [930120 932230 932235 932115 932125]]
2023/08/04 06:02:43.317031 [WARNING] [Violated Rules Detected:  [933100 933150]]
2023/08/04 07:05:16.782096 [WARNING] [distinct IP increased to: 470]
2023/08/04 09:58:23.623276 [WARNING] [distinct IP increased to: 480]
2023/08/04 12:14:23.271107 [WARNING] [Violated Rules Detected:  [930120 932235 932115]]
2023/08/04 22:17:44.203636 [WARNING] [distinct IP increased to: 490]
2023/08/05 03:48:28.538266 [WARNING] [distinct IP increased to: 500]
2023/08/05 09:09:33.087882 [WARNING] [distinct IP increased to: 510]
2023/08/05 09:09:33.123818 [WARNING] [Violated Rules Detected:  [930120 932230 932235 932115 932125]]
2023/08/05 16:33:00.687080 [WARNING] [distinct IP increased to: 520]
2023/08/06 00:43:55.628750 [WARNING] [distinct IP increased to: 530]
2023/08/06 12:21:48.932298 [WARNING] [distinct IP increased to: 540]
2023/08/06 18:21:30.893739 [WARNING] [Violated Rules Detected:  [930120 932230 932235 932115 932125]]
2023/08/07 01:03:54.459762 [WARNING] [distinct IP increased to: 550]
2023/08/07 08:30:27.466100 [WARNING] [distinct IP increased to: 560]
2023/08/07 11:43:41.608532 [WARNING] [distinct IP increased to: 570]
2023/08/07 16:25:29.733398 [WARNING] [distinct IP increased to: 580]
2023/08/08 02:24:04.501790 [WARNING] [distinct IP increased to: 590]
2023/08/08 06:22:55.142342 [WARNING] [distinct IP increased to: 600]
2023/08/08 17:39:22.381493 [WARNING] [distinct IP increased to: 610]
2023/08/08 22:10:08.342348 [WARNING] [distinct IP increased to: 620]
2023/08/09 07:31:01.545124 [WARNING] [distinct IP increased to: 630]
2023/08/09 07:31:01.611363 [WARNING] [activity count increased to: 3000]
2023/08/09 13:28:18.428689 [WARNING] [distinct IP increased to: 640]
2023/08/09 19:45:53.100879 [WARNING] [Violated Rules Detected:  [930120 932230 932235 932115 932125]]
2023/08/09 20:50:05.095254 [WARNING] [distinct IP increased to: 650]
2023/08/09 23:21:42.695907 [WARNING] [Violated Rules Detected:  [932235]]
2023/08/10 05:34:02.247411 [WARNING] [distinct IP increased to: 660]
2023/08/10 11:35:49.275939 [WARNING] [distinct IP increased to: 670]
2023/08/11 02:32:14.189616 [WARNING] [distinct IP increased to: 680]
2023/08/11 09:00:21.047834 [WARNING] [distinct IP increased to: 690]
2023/08/11 15:05:46.031540 [WARNING] [Violated Rules Detected:  [930120 932230 932235 932115 942100]]
2023/08/11 15:20:22.501974 [WARNING] [distinct IP increased to: 700]
2023/08/11 23:16:25.100673 [WARNING] [distinct IP increased to: 710]
2023/08/12 04:05:05.744677 [WARNING] [distinct IP increased to: 720]